{
  "stats": {
    "suites": 1,
    "tests": 2,
    "passes": 2,
    "pending": 0,
    "failures": 0,
    "start": "2017-02-11T08:33:03.603Z",
    "end": "2017-02-11T08:33:04.175Z",
    "duration": 572,
    "testsRegistered": 2,
    "passPercent": 100,
    "pendingPercent": 0,
    "other": 0,
    "hasOther": false,
    "skipped": 0,
    "hasSkipped": false,
    "passPercentClass": "success",
    "pendingPercentClass": "danger"
  },
  "suites": {
    "title": "",
    "suites": [
      {
        "title": "GET /",
        "suites": [],
        "tests": [
          {
            "title": "ArticleList should insert 2 docs",
            "fullTitle": "GET / ArticleList should insert 2 docs",
            "timedOut": false,
            "duration": 0,
            "state": "passed",
            "speed": "fast",
            "pass": true,
            "fail": false,
            "pending": false,
            "code": "done();",
            "err": {},
            "isRoot": false,
            "uuid": "1726edfd-a1a0-44bf-9c77-6e13627b1b4a",
            "parentUUID": "42631dce-3fee-400e-a386-282caa8405d5",
            "skipped": false
          },
          {
            "title": "should return home page with 200",
            "fullTitle": "GET / should return home page with 200",
            "timedOut": false,
            "duration": 66,
            "state": "passed",
            "speed": "medium",
            "pass": true,
            "fail": false,
            "pending": false,
            "code": "request\n  .get('/')\n  .set('Accept', 'text/html')\n  .expect(200)\n  .end(function(err, res){\n    should.not.exists(err);\n    res.status.should.equal(200);\n    done();\n  });",
            "err": {},
            "isRoot": false,
            "uuid": "02112374-97d3-46bf-87b1-c1a744de7b73",
            "parentUUID": "42631dce-3fee-400e-a386-282caa8405d5",
            "skipped": false
          }
        ],
        "pending": [],
        "root": false,
        "_timeout": 2000,
        "file": "/test/app.test.js",
        "uuid": "42631dce-3fee-400e-a386-282caa8405d5",
        "fullFile": "/Users/Nokey/Workspace/CCTVNEWS-Projects/2016/Node-Express-Template/test/app.test.js",
        "passes": [
          {
            "title": "ArticleList should insert 2 docs",
            "fullTitle": "GET / ArticleList should insert 2 docs",
            "timedOut": false,
            "duration": 0,
            "state": "passed",
            "speed": "fast",
            "pass": true,
            "fail": false,
            "pending": false,
            "code": "done();",
            "err": {},
            "isRoot": false,
            "uuid": "1726edfd-a1a0-44bf-9c77-6e13627b1b4a",
            "parentUUID": "42631dce-3fee-400e-a386-282caa8405d5",
            "skipped": false
          },
          {
            "title": "should return home page with 200",
            "fullTitle": "GET / should return home page with 200",
            "timedOut": false,
            "duration": 66,
            "state": "passed",
            "speed": "medium",
            "pass": true,
            "fail": false,
            "pending": false,
            "code": "request\n  .get('/')\n  .set('Accept', 'text/html')\n  .expect(200)\n  .end(function(err, res){\n    should.not.exists(err);\n    res.status.should.equal(200);\n    done();\n  });",
            "err": {},
            "isRoot": false,
            "uuid": "02112374-97d3-46bf-87b1-c1a744de7b73",
            "parentUUID": "42631dce-3fee-400e-a386-282caa8405d5",
            "skipped": false
          }
        ],
        "failures": [],
        "skipped": [],
        "hasTests": true,
        "hasSuites": false,
        "totalTests": 2,
        "totalPasses": 2,
        "totalFailures": 0,
        "totalPending": 0,
        "totalSkipped": 0,
        "hasPasses": true,
        "hasFailures": false,
        "hasPending": false,
        "hasSkipped": false,
        "duration": 66
      }
    ],
    "tests": [],
    "pending": [],
    "root": true,
    "_timeout": 2000,
    "uuid": "0ccaeb9f-582a-463b-9fa4-7a937c15dec5",
    "fullFile": "",
    "file": "",
    "passes": [],
    "failures": [],
    "skipped": [],
    "hasTests": false,
    "hasSuites": true,
    "totalTests": 0,
    "totalPasses": 0,
    "totalFailures": 0,
    "totalPending": 0,
    "totalSkipped": 0,
    "hasPasses": false,
    "hasFailures": false,
    "hasPending": false,
    "hasSkipped": false,
    "duration": 0,
    "rootEmpty": true
  },
  "allTests": [
    {
      "title": "ArticleList should insert 2 docs",
      "fullTitle": "GET / ArticleList should insert 2 docs",
      "timedOut": false,
      "duration": 0,
      "state": "passed",
      "speed": "fast",
      "pass": true,
      "fail": false,
      "pending": false,
      "code": "done();",
      "err": {},
      "isRoot": false,
      "uuid": "1726edfd-a1a0-44bf-9c77-6e13627b1b4a",
      "parentUUID": "42631dce-3fee-400e-a386-282caa8405d5",
      "skipped": false
    },
    {
      "title": "should return home page with 200",
      "fullTitle": "GET / should return home page with 200",
      "timedOut": false,
      "duration": 66,
      "state": "passed",
      "speed": "medium",
      "pass": true,
      "fail": false,
      "pending": false,
      "code": "request\n  .get('/')\n  .set('Accept', 'text/html')\n  .expect(200)\n  .end(function(err, res){\n    should.not.exists(err);\n    res.status.should.equal(200);\n    done();\n  });",
      "err": {},
      "isRoot": false,
      "uuid": "02112374-97d3-46bf-87b1-c1a744de7b73",
      "parentUUID": "42631dce-3fee-400e-a386-282caa8405d5",
      "skipped": false
    }
  ],
  "allPending": [],
  "allPasses": [
    {
      "title": "ArticleList should insert 2 docs",
      "fullTitle": "GET / ArticleList should insert 2 docs",
      "timedOut": false,
      "duration": 0,
      "state": "passed",
      "speed": "fast",
      "pass": true,
      "fail": false,
      "pending": false,
      "code": "done();",
      "err": {},
      "isRoot": false,
      "uuid": "1726edfd-a1a0-44bf-9c77-6e13627b1b4a",
      "parentUUID": "42631dce-3fee-400e-a386-282caa8405d5",
      "skipped": false
    },
    {
      "title": "should return home page with 200",
      "fullTitle": "GET / should return home page with 200",
      "timedOut": false,
      "duration": 66,
      "state": "passed",
      "speed": "medium",
      "pass": true,
      "fail": false,
      "pending": false,
      "code": "request\n  .get('/')\n  .set('Accept', 'text/html')\n  .expect(200)\n  .end(function(err, res){\n    should.not.exists(err);\n    res.status.should.equal(200);\n    done();\n  });",
      "err": {},
      "isRoot": false,
      "uuid": "02112374-97d3-46bf-87b1-c1a744de7b73",
      "parentUUID": "42631dce-3fee-400e-a386-282caa8405d5",
      "skipped": false
    }
  ],
  "allFailures": [],
  "copyrightYear": 2017
}